{
  "uid" : "5fe1c68adee6431c",
  "name" : "test_add[6-5-30]",
  "fullName" : "Case.test_api.TestApi#test_add",
  "historyId" : "7ffec18e6ad14e510e02773f1d423d53",
  "time" : {
    "start" : 1585294252170,
    "stop" : 1585294252170,
    "duration" : 0
  },
  "status" : "failed",
  "statusMessage" : "AssertionError: Test Failed!!!\nassert 30 == 11",
  "statusTrace" : "self = <Case.test_api.TestApi object at 0x101d6e2b0>, a = 6, b = 5\nexpected = 30\n\n    @pytest.mark.parametrize(\"a,b,expected\", [(5, 7, 9),\n                                              (4, 4, 8),\n                                              (9, 9, 18),\n                                              (40, 40, 1),\n                                              (6, 5, 30)])\n    def test_add(self, a, b, expected):\n        sum = add(a, b)\n>       assert expected == sum, \"Test Failed!!!\"\nE       AssertionError: Test Failed!!!\nE       assert 30 == 11\n\n../PyAPI/Case/test_api.py:92: AssertionError",
  "flaky" : false,
  "newFailed" : false,
  "beforeStages" : [ {
    "name" : "class_logging",
    "time" : {
      "start" : 1585294246545,
      "stop" : 1585294246546,
      "duration" : 1
    },
    "status" : "passed",
    "steps" : [ ],
    "attachments" : [ ],
    "parameters" : [ ],
    "stepsCount" : 0,
    "attachmentsCount" : 0,
    "shouldDisplayMessage" : false,
    "hasContent" : false
  }, {
    "name" : "method_logging",
    "time" : {
      "start" : 1585294252169,
      "stop" : 1585294252169,
      "duration" : 0
    },
    "status" : "passed",
    "steps" : [ ],
    "attachments" : [ ],
    "parameters" : [ ],
    "stepsCount" : 0,
    "attachmentsCount" : 0,
    "shouldDisplayMessage" : false,
    "hasContent" : false
  } ],
  "testStage" : {
    "status" : "failed",
    "statusMessage" : "AssertionError: Test Failed!!!\nassert 30 == 11",
    "statusTrace" : "self = <Case.test_api.TestApi object at 0x101d6e2b0>, a = 6, b = 5\nexpected = 30\n\n    @pytest.mark.parametrize(\"a,b,expected\", [(5, 7, 9),\n                                              (4, 4, 8),\n                                              (9, 9, 18),\n                                              (40, 40, 1),\n                                              (6, 5, 30)])\n    def test_add(self, a, b, expected):\n        sum = add(a, b)\n>       assert expected == sum, \"Test Failed!!!\"\nE       AssertionError: Test Failed!!!\nE       assert 30 == 11\n\n../PyAPI/Case/test_api.py:92: AssertionError",
    "steps" : [ ],
    "attachments" : [ {
      "uid" : "c43bc6c2642a0eee",
      "name" : "log",
      "source" : "c43bc6c2642a0eee.txt",
      "type" : "text/plain",
      "size" : 199
    }, {
      "uid" : "9a1dd7169f7f77bb",
      "name" : "stderr",
      "source" : "9a1dd7169f7f77bb.txt",
      "type" : "text/plain",
      "size" : 158
    } ],
    "parameters" : [ ],
    "stepsCount" : 0,
    "attachmentsCount" : 2,
    "shouldDisplayMessage" : true,
    "hasContent" : true
  },
  "afterStages" : [ {
    "name" : "class_logging::0",
    "time" : {
      "start" : 1585294252176,
      "stop" : 1585294252176,
      "duration" : 0
    },
    "status" : "passed",
    "steps" : [ ],
    "attachments" : [ ],
    "parameters" : [ ],
    "stepsCount" : 0,
    "attachmentsCount" : 0,
    "shouldDisplayMessage" : false,
    "hasContent" : false
  }, {
    "name" : "method_logging::0",
    "time" : {
      "start" : 1585294252175,
      "stop" : 1585294252175,
      "duration" : 0
    },
    "status" : "passed",
    "steps" : [ ],
    "attachments" : [ ],
    "parameters" : [ ],
    "stepsCount" : 0,
    "attachmentsCount" : 0,
    "shouldDisplayMessage" : false,
    "hasContent" : false
  } ],
  "labels" : [ {
    "name" : "parentSuite",
    "value" : "Case"
  }, {
    "name" : "suite",
    "value" : "test_api"
  }, {
    "name" : "subSuite",
    "value" : "TestApi"
  }, {
    "name" : "host",
    "value" : "Parsons-Mac-mini.local"
  }, {
    "name" : "thread",
    "value" : "94963-MainThread"
  }, {
    "name" : "framework",
    "value" : "pytest"
  }, {
    "name" : "language",
    "value" : "cpython3"
  }, {
    "name" : "package",
    "value" : "Case.test_api"
  }, {
    "name" : "resultFormat",
    "value" : "allure2"
  } ],
  "parameters" : [ {
    "name" : "a",
    "value" : "6"
  }, {
    "name" : "b",
    "value" : "5"
  }, {
    "name" : "expected",
    "value" : "30"
  } ],
  "links" : [ ],
  "hidden" : false,
  "retry" : false,
  "extra" : {
    "severity" : "normal",
    "retries" : [ ],
    "categories" : [ {
      "name" : "Product defects",
      "matchedStatuses" : [ ],
      "flaky" : false
    } ],
    "tags" : [ ]
  },
  "source" : "5fe1c68adee6431c.json",
  "parameterValues" : [ "6", "5", "30" ]
}